Using pre-set license
Built from '2020.3/staging' branch; Version is '2020.3.14f1 (d0d1bb862f9d) revision 13685179'; Using compiler version '192528614'; Build Type 'Release'
OS: 'Windows 10 Pro; OS build 19043.1110; Version 2009; 64bit' Language: 'en' Physical Memory: 32666 MB
BatchMode: 1, IsHumanControllingUs: 0, StartBugReporterOnCrash: 0, Is64bit: 1, IsPro: 0

 COMMAND LINE ARGUMENTS:
C:\Program Files\Unity\Hub\Editor\2020.3.14f1\Editor\Unity.exe
-adb2
-batchMode
-noUpm
-name
AssetImportWorker0
-projectPath
F:/Dev/zezba9000/UnityMathReference
-logFile
Logs/AssetImportWorker0.log
-srvPort
57892
Successfully changed project path to: F:/Dev/zezba9000/UnityMathReference
F:/Dev/zezba9000/UnityMathReference
Using Asset Import Pipeline V2.
Refreshing native plugins compatible for Editor in 46.76 ms, found 2 plugins.
Preloading 0 native plugins for Editor in 0.00 ms.
Initialize engine version: 2020.3.14f1 (d0d1bb862f9d)
[Subsystems] Discovering subsystems at path C:/Program Files/Unity/Hub/Editor/2020.3.14f1/Editor/Data/Resources/UnitySubsystems
[Subsystems] Discovering subsystems at path F:/Dev/zezba9000/UnityMathReference/Assets
GfxDevice: creating device client; threaded=0
Direct3D:
    Version:  Direct3D 11.0 [level 11.1]
    Renderer: Radeon RX 580 Series (ID=0x67df)
    Vendor:   
    VRAM:     8170 MB
    Driver:   27.20.22017.1004
Initialize mono
Mono path[0] = 'C:/Program Files/Unity/Hub/Editor/2020.3.14f1/Editor/Data/Managed'
Mono path[1] = 'C:/Program Files/Unity/Hub/Editor/2020.3.14f1/Editor/Data/MonoBleedingEdge/lib/mono/unityjit'
Mono config path = 'C:/Program Files/Unity/Hub/Editor/2020.3.14f1/Editor/Data/MonoBleedingEdge/etc'
Using monoOptions --debugger-agent=transport=dt_socket,embedding=1,server=y,suspend=n,address=127.0.0.1:56636
Begin MonoManager ReloadAssembly
Registering precompiled unity dll's ...
Register platform support module: C:/Program Files/Unity/Hub/Editor/2020.3.14f1/Editor/Data/PlaybackEngines/WindowsStandaloneSupport/UnityEditor.WindowsStandalone.Extensions.dll
Registered in 0.002068 seconds.
Native extension for WindowsStandalone target not found
Refreshing native plugins compatible for Editor in 40.31 ms, found 2 plugins.
Preloading 0 native plugins for Editor in 0.00 ms.
Mono: successfully reloaded assembly
- Completed reload, in  1.847 seconds
Domain Reload Profiling:
	ReloadAssembly (1848ms)
		BeginReloadAssembly (53ms)
			ExecutionOrderSort (0ms)
			DisableScriptedObjects (0ms)
			BackupInstance (0ms)
			ReleaseScriptingObjects (0ms)
			CreateAndSetChildDomain (1ms)
		EndReloadAssembly (398ms)
			LoadAssemblies (50ms)
			RebuildTransferFunctionScriptingTraits (0ms)
			SetupTypeCache (140ms)
			ReleaseScriptCaches (0ms)
			RebuildScriptCaches (29ms)
			SetupLoadedEditorAssemblies (161ms)
				LogAssemblyErrors (0ms)
				InitializePlatformSupportModulesInManaged (4ms)
				SetLoadedEditorAssemblies (0ms)
				RefreshPlugins (40ms)
				BeforeProcessingInitializeOnLoad (13ms)
				ProcessInitializeOnLoadAttributes (76ms)
				ProcessInitializeOnLoadMethodAttributes (27ms)
				AfterProcessingInitializeOnLoad (0ms)
				EditorAssembliesLoaded (0ms)
			ExecutionOrderSort2 (0ms)
			AwakeInstancesAfterBackupRestoration (0ms)
Platform modules already initialized, skipping
Registering precompiled user dll's ...
Registered in 0.004714 seconds.
Begin MonoManager ReloadAssembly
Native extension for WindowsStandalone target not found
Refreshing native plugins compatible for Editor in 0.69 ms, found 2 plugins.
Preloading 0 native plugins for Editor in 0.00 ms.
Mono: successfully reloaded assembly
- Completed reload, in  1.085 seconds
Domain Reload Profiling:
	ReloadAssembly (1086ms)
		BeginReloadAssembly (145ms)
			ExecutionOrderSort (0ms)
			DisableScriptedObjects (5ms)
			BackupInstance (0ms)
			ReleaseScriptingObjects (0ms)
			CreateAndSetChildDomain (17ms)
		EndReloadAssembly (877ms)
			LoadAssemblies (93ms)
			RebuildTransferFunctionScriptingTraits (0ms)
			SetupTypeCache (275ms)
			ReleaseScriptCaches (0ms)
			RebuildScriptCaches (45ms)
			SetupLoadedEditorAssemblies (366ms)
				LogAssemblyErrors (0ms)
				InitializePlatformSupportModulesInManaged (5ms)
				SetLoadedEditorAssemblies (0ms)
				RefreshPlugins (1ms)
				BeforeProcessingInitializeOnLoad (99ms)
				ProcessInitializeOnLoadAttributes (220ms)
				ProcessInitializeOnLoadMethodAttributes (33ms)
				AfterProcessingInitializeOnLoad (7ms)
				EditorAssembliesLoaded (0ms)
			ExecutionOrderSort2 (0ms)
			AwakeInstancesAfterBackupRestoration (6ms)
Platform modules already initialized, skipping
========================================================================
Worker process is ready to serve import requests
Launched and connected shader compiler UnityShaderCompiler.exe after 0.05 seconds
Refreshing native plugins compatible for Editor in 0.65 ms, found 2 plugins.
Preloading 0 native plugins for Editor in 0.00 ms.
Unloading 2143 Unused Serialized files (Serialized files now loaded: 0)
System memory in use before: 86.9 MB.
System memory in use after: 87.0 MB.

Unloading 62 unused Assets to reduce memory usage. Loaded Objects now: 2546.
Total: 4.974100 ms (FindLiveObjects: 0.175200 ms CreateObjectMapping: 0.047000 ms MarkObjects: 4.678600 ms  DeleteObjects: 0.072000 ms)

AssetImportParameters requested are different than current active one (requested -> active):
  custom:framework-win-MediaFoundation: 216162199b28c13a410421893ffa2e32 -> 
  custom:video-decoder-ogg-theora: a1e56fd34408186e4bbccfd4996cb3dc -> 
  custom:container-muxer-webm: aa71ff27fc2769a1b78a27578f13a17b -> 
  custom:container-demuxer-webm: 4f35f7cbe854078d1ac9338744f61a02 -> 
  custom:container-demuxer-ogg: 62fdf1f143b41e24485cea50d1cbac27 -> 
  custom:video-encoder-webm-vp8: eb34c28f22e8b96e1ab97ce403110664 -> 
  custom:video-decoder-webm-vp8: 9c59270c3fd7afecdb556c50c9e8de78 -> 
  custom:audio-decoder-ogg-vorbis: bf7c407c2cedff20999df2af8eb42d56 -> 
  custom:audio-encoder-webm-vorbis: bf7c407c2cedff20999df2af8eb42d56 -> 
========================================================================
Received Import Request.
  path: Assets/Demos/Intersections
  artifactKey: Guid(697f5c0cb1e5a934bba6bfcba14a406f) Importer(815301076,1909f56bfc062723c751e8b465ee728b)
Start importing Assets/Demos/Intersections using Guid(697f5c0cb1e5a934bba6bfcba14a406f) Importer(815301076,1909f56bfc062723c751e8b465ee728b)  -> (artifact id: 'e2ae1ffcab48ab9aab5300435fc6f5a6') in 0.013773 seconds 
  Import took 0.016919 seconds .

========================================================================
Received Import Request.
  Time since last request: 1.920484 seconds.
  path: Assets/Demos/Intersections
  artifactKey: Guid(697f5c0cb1e5a934bba6bfcba14a406f) Importer(815301076,1909f56bfc062723c751e8b465ee728b)
Start importing Assets/Demos/Intersections using Guid(697f5c0cb1e5a934bba6bfcba14a406f) Importer(815301076,1909f56bfc062723c751e8b465ee728b)  -> (artifact id: 'e2ae1ffcab48ab9aab5300435fc6f5a6') in 0.001889 seconds 
  Import took 0.004681 seconds .

========================================================================
Received Prepare
Refreshing native plugins compatible for Editor in 8.76 ms, found 2 plugins.
Preloading 0 native plugins for Editor in 0.00 ms.
Unloading 52 Unused Serialized files (Serialized files now loaded: 0)
System memory in use before: 45.2 MB.
System memory in use after: 45.3 MB.

Unloading 51 unused Assets to reduce memory usage. Loaded Objects now: 2546.
Total: 6.610500 ms (FindLiveObjects: 0.190800 ms CreateObjectMapping: 0.061900 ms MarkObjects: 6.329900 ms  DeleteObjects: 0.026900 ms)

AssetImportParameters requested are different than current active one (requested -> active):
  custom:framework-win-MediaFoundation: 216162199b28c13a410421893ffa2e32 -> 
  custom:video-decoder-ogg-theora: a1e56fd34408186e4bbccfd4996cb3dc -> 
  custom:container-muxer-webm: aa71ff27fc2769a1b78a27578f13a17b -> 
  custom:container-demuxer-webm: 4f35f7cbe854078d1ac9338744f61a02 -> 
  custom:container-demuxer-ogg: 62fdf1f143b41e24485cea50d1cbac27 -> 
  custom:video-encoder-webm-vp8: eb34c28f22e8b96e1ab97ce403110664 -> 
  custom:video-decoder-webm-vp8: 9c59270c3fd7afecdb556c50c9e8de78 -> 
  custom:audio-decoder-ogg-vorbis: bf7c407c2cedff20999df2af8eb42d56 -> 
  custom:audio-encoder-webm-vorbis: bf7c407c2cedff20999df2af8eb42d56 -> 
========================================================================
Received Import Request.
  Time since last request: 80.923359 seconds.
  path: Assets/Demos/Intersections/RayIntersectCube
  artifactKey: Guid(28c1ae17ef3440544ac3ee97310dbc38) Importer(815301076,1909f56bfc062723c751e8b465ee728b)
Start importing Assets/Demos/Intersections/RayIntersectCube using Guid(28c1ae17ef3440544ac3ee97310dbc38) Importer(815301076,1909f56bfc062723c751e8b465ee728b)  -> (artifact id: '04fe23b7e4d4bfee953b9f3f5d03fef2') in 0.008571 seconds 
  Import took 0.011061 seconds .

========================================================================
Received Import Request.
  Time since last request: 4.969392 seconds.
  path: Assets/Demos/Intersections/RayIntersectSphere/RayIntersectSphere.unity
  artifactKey: Guid(12d49400963682e4aa813b858ca9f5c4) Importer(815301076,1909f56bfc062723c751e8b465ee728b)
Start importing Assets/Demos/Intersections/RayIntersectSphere/RayIntersectSphere.unity using Guid(12d49400963682e4aa813b858ca9f5c4) Importer(815301076,1909f56bfc062723c751e8b465ee728b)  -> (artifact id: 'dee28cb99443d3ccc19f6a4c5321e8b9') in 0.011957 seconds 
  Import took 0.014864 seconds .

========================================================================
Received Import Request.
  Time since last request: 10.174498 seconds.
  path: Assets/Demos/Intersections/RayIntersectCube/RayIntersectSphere 1.unity
  artifactKey: Guid(2da85c7dde66f114eb435c247fc8ce44) Importer(815301076,1909f56bfc062723c751e8b465ee728b)
Start importing Assets/Demos/Intersections/RayIntersectCube/RayIntersectSphere 1.unity using Guid(2da85c7dde66f114eb435c247fc8ce44) Importer(815301076,1909f56bfc062723c751e8b465ee728b)  -> (artifact id: '6fcf251143a4e45e9c7aeee5ce9bcded') in 0.006526 seconds 
  Import took 0.009373 seconds .

========================================================================
Received Import Request.
  Time since last request: 3.074052 seconds.
  path: Assets/Demos/Intersections/RayIntersectCube/RayIntersectCube.unity
  artifactKey: Guid(2da85c7dde66f114eb435c247fc8ce44) Importer(815301076,1909f56bfc062723c751e8b465ee728b)
Start importing Assets/Demos/Intersections/RayIntersectCube/RayIntersectCube.unity using Guid(2da85c7dde66f114eb435c247fc8ce44) Importer(815301076,1909f56bfc062723c751e8b465ee728b)  -> (artifact id: '29ee8d4befc23f72fab951898874b6a3') in 0.006878 seconds 
  Import took 0.009686 seconds .

========================================================================
Received Import Request.
  Time since last request: 1.336083 seconds.
  path: Assets/Demos/Intersections/RayIntersectCube/RayIntersectSphereDemo1.cs
  artifactKey: Guid(b1c3a572a98dc164f859983028d276ce) Importer(815301076,1909f56bfc062723c751e8b465ee728b)
Start importing Assets/Demos/Intersections/RayIntersectCube/RayIntersectSphereDemo1.cs using Guid(b1c3a572a98dc164f859983028d276ce) Importer(815301076,1909f56bfc062723c751e8b465ee728b)  -> (artifact id: '3de86761e86830d1220272c295c1d6da') in 0.027484 seconds 
  Import took 0.030603 seconds .

========================================================================
Received Import Request.
  Time since last request: 4.887971 seconds.
  path: Assets/Demos/Intersections/RayIntersectCube/RayIntersectCube.cs
  artifactKey: Guid(b1c3a572a98dc164f859983028d276ce) Importer(815301076,1909f56bfc062723c751e8b465ee728b)
Start importing Assets/Demos/Intersections/RayIntersectCube/RayIntersectCube.cs using Guid(b1c3a572a98dc164f859983028d276ce) Importer(815301076,1909f56bfc062723c751e8b465ee728b)  -> (artifact id: 'b316befc695ee6a539c062cc20997eb3') in 0.001936 seconds 
  Import took 0.005259 seconds .

========================================================================
Received Import Request.
  Time since last request: 15.272637 seconds.
  path: Assets/Demos/Intersections/RayIntersectCube/RayIntersectCube.cs
  artifactKey: Guid(b1c3a572a98dc164f859983028d276ce) Importer(815301076,1909f56bfc062723c751e8b465ee728b)
Start importing Assets/Demos/Intersections/RayIntersectCube/RayIntersectCube.cs using Guid(b1c3a572a98dc164f859983028d276ce) Importer(815301076,1909f56bfc062723c751e8b465ee728b)  -> (artifact id: '5219f4c66882084a22950e4e611495ac') in 0.002128 seconds 
  Import took 0.005616 seconds .

========================================================================
Received Prepare
Registering precompiled user dll's ...
Registered in 0.004915 seconds.
Begin MonoManager ReloadAssembly
Native extension for WindowsStandalone target not found
Refreshing native plugins compatible for Editor in 0.71 ms, found 2 plugins.
Preloading 0 native plugins for Editor in 0.00 ms.
Mono: successfully reloaded assembly
- Completed reload, in  1.078 seconds
Domain Reload Profiling:
	ReloadAssembly (1078ms)
		BeginReloadAssembly (110ms)
			ExecutionOrderSort (0ms)
			DisableScriptedObjects (6ms)
			BackupInstance (0ms)
			ReleaseScriptingObjects (0ms)
			CreateAndSetChildDomain (35ms)
		EndReloadAssembly (902ms)
			LoadAssemblies (87ms)
			RebuildTransferFunctionScriptingTraits (0ms)
			SetupTypeCache (272ms)
			ReleaseScriptCaches (1ms)
			RebuildScriptCaches (44ms)
			SetupLoadedEditorAssemblies (396ms)
				LogAssemblyErrors (0ms)
				InitializePlatformSupportModulesInManaged (5ms)
				SetLoadedEditorAssemblies (0ms)
				RefreshPlugins (1ms)
				BeforeProcessingInitializeOnLoad (100ms)
				ProcessInitializeOnLoadAttributes (244ms)
				ProcessInitializeOnLoadMethodAttributes (36ms)
				AfterProcessingInitializeOnLoad (9ms)
				EditorAssembliesLoaded (1ms)
			ExecutionOrderSort2 (0ms)
			AwakeInstancesAfterBackupRestoration (8ms)
Platform modules already initialized, skipping
Refreshing native plugins compatible for Editor in 0.72 ms, found 2 plugins.
Preloading 0 native plugins for Editor in 0.00 ms.
Unloading 2134 Unused Serialized files (Serialized files now loaded: 0)
System memory in use before: 86.3 MB.
System memory in use after: 86.5 MB.

Unloading 53 unused Assets to reduce memory usage. Loaded Objects now: 2550.
Total: 5.676700 ms (FindLiveObjects: 0.239000 ms CreateObjectMapping: 0.060300 ms MarkObjects: 5.336200 ms  DeleteObjects: 0.039800 ms)

AssetImportParameters requested are different than current active one (requested -> active):
  custom:framework-win-MediaFoundation: 216162199b28c13a410421893ffa2e32 -> 
  custom:video-decoder-ogg-theora: a1e56fd34408186e4bbccfd4996cb3dc -> 
  custom:container-muxer-webm: aa71ff27fc2769a1b78a27578f13a17b -> 
  custom:container-demuxer-webm: 4f35f7cbe854078d1ac9338744f61a02 -> 
  custom:container-demuxer-ogg: 62fdf1f143b41e24485cea50d1cbac27 -> 
  custom:video-encoder-webm-vp8: eb34c28f22e8b96e1ab97ce403110664 -> 
  custom:video-decoder-webm-vp8: 9c59270c3fd7afecdb556c50c9e8de78 -> 
  custom:audio-decoder-ogg-vorbis: bf7c407c2cedff20999df2af8eb42d56 -> 
  custom:audio-encoder-webm-vorbis: bf7c407c2cedff20999df2af8eb42d56 -> 
========================================================================
Received Import Request.
  Time since last request: 9.704268 seconds.
  path: Assets/Demos/Intersections/RayIntersectCube/RayIntersectCubeDemo.cs
  artifactKey: Guid(b1c3a572a98dc164f859983028d276ce) Importer(815301076,1909f56bfc062723c751e8b465ee728b)
Start importing Assets/Demos/Intersections/RayIntersectCube/RayIntersectCubeDemo.cs using Guid(b1c3a572a98dc164f859983028d276ce) Importer(815301076,1909f56bfc062723c751e8b465ee728b)  -> (artifact id: 'f2bea8d8da09c9e3f65bfe6e312e1897') in 0.009691 seconds 
  Import took 0.012681 seconds .

========================================================================
Received Prepare
Registering precompiled user dll's ...
Registered in 0.005472 seconds.
Begin MonoManager ReloadAssembly
Native extension for WindowsStandalone target not found
Refreshing native plugins compatible for Editor in 0.70 ms, found 2 plugins.
Preloading 0 native plugins for Editor in 0.00 ms.
Mono: successfully reloaded assembly
- Completed reload, in  1.025 seconds
Domain Reload Profiling:
	ReloadAssembly (1026ms)
		BeginReloadAssembly (105ms)
			ExecutionOrderSort (0ms)
			DisableScriptedObjects (6ms)
			BackupInstance (0ms)
			ReleaseScriptingObjects (0ms)
			CreateAndSetChildDomain (31ms)
		EndReloadAssembly (852ms)
			LoadAssemblies (89ms)
			RebuildTransferFunctionScriptingTraits (0ms)
			SetupTypeCache (269ms)
			ReleaseScriptCaches (1ms)
			RebuildScriptCaches (50ms)
			SetupLoadedEditorAssemblies (349ms)
				LogAssemblyErrors (0ms)
				InitializePlatformSupportModulesInManaged (5ms)
				SetLoadedEditorAssemblies (0ms)
				RefreshPlugins (1ms)
				BeforeProcessingInitializeOnLoad (96ms)
				ProcessInitializeOnLoadAttributes (209ms)
				ProcessInitializeOnLoadMethodAttributes (31ms)
				AfterProcessingInitializeOnLoad (7ms)
				EditorAssembliesLoaded (0ms)
			ExecutionOrderSort2 (0ms)
			AwakeInstancesAfterBackupRestoration (7ms)
Platform modules already initialized, skipping
Refreshing native plugins compatible for Editor in 0.69 ms, found 2 plugins.
Preloading 0 native plugins for Editor in 0.00 ms.
Unloading 2134 Unused Serialized files (Serialized files now loaded: 0)
System memory in use before: 86.4 MB.
System memory in use after: 86.5 MB.

Unloading 53 unused Assets to reduce memory usage. Loaded Objects now: 2553.
Total: 4.956300 ms (FindLiveObjects: 0.172500 ms CreateObjectMapping: 0.045100 ms MarkObjects: 4.711800 ms  DeleteObjects: 0.025800 ms)

AssetImportParameters requested are different than current active one (requested -> active):
  custom:framework-win-MediaFoundation: 216162199b28c13a410421893ffa2e32 -> 
  custom:video-decoder-ogg-theora: a1e56fd34408186e4bbccfd4996cb3dc -> 
  custom:container-muxer-webm: aa71ff27fc2769a1b78a27578f13a17b -> 
  custom:container-demuxer-webm: 4f35f7cbe854078d1ac9338744f61a02 -> 
  custom:container-demuxer-ogg: 62fdf1f143b41e24485cea50d1cbac27 -> 
  custom:video-encoder-webm-vp8: eb34c28f22e8b96e1ab97ce403110664 -> 
  custom:video-decoder-webm-vp8: 9c59270c3fd7afecdb556c50c9e8de78 -> 
  custom:audio-decoder-ogg-vorbis: bf7c407c2cedff20999df2af8eb42d56 -> 
  custom:audio-encoder-webm-vorbis: bf7c407c2cedff20999df2af8eb42d56 -> 
========================================================================
Received Import Request.
  Time since last request: 31.027900 seconds.
  path: Assets/Demos/Intersections/RayIntersectCube/RayIntersectCubeSettings.lighting
  artifactKey: Guid(79642c83bdae83f4bab14e7954718149) Importer(815301076,1909f56bfc062723c751e8b465ee728b)
Start importing Assets/Demos/Intersections/RayIntersectCube/RayIntersectCubeSettings.lighting using Guid(79642c83bdae83f4bab14e7954718149) Importer(815301076,1909f56bfc062723c751e8b465ee728b) LightingSettings: switching bake backend from 1 to 0.
 -> (artifact id: '8d1412f5f590832de7bafa09e91ac835') in 0.018802 seconds 
  Import took 0.021666 seconds .

========================================================================
Received Prepare
Registering precompiled user dll's ...
Registered in 0.004699 seconds.
Begin MonoManager ReloadAssembly
Native extension for WindowsStandalone target not found
Refreshing native plugins compatible for Editor in 0.70 ms, found 2 plugins.
Preloading 0 native plugins for Editor in 0.00 ms.
Mono: successfully reloaded assembly
- Completed reload, in  1.019 seconds
Domain Reload Profiling:
	ReloadAssembly (1019ms)
		BeginReloadAssembly (106ms)
			ExecutionOrderSort (0ms)
			DisableScriptedObjects (6ms)
			BackupInstance (0ms)
			ReleaseScriptingObjects (0ms)
			CreateAndSetChildDomain (35ms)
		EndReloadAssembly (850ms)
			LoadAssemblies (87ms)
			RebuildTransferFunctionScriptingTraits (0ms)
			SetupTypeCache (267ms)
			ReleaseScriptCaches (1ms)
			RebuildScriptCaches (43ms)
			SetupLoadedEditorAssemblies (349ms)
				LogAssemblyErrors (0ms)
				InitializePlatformSupportModulesInManaged (5ms)
				SetLoadedEditorAssemblies (0ms)
				RefreshPlugins (1ms)
				BeforeProcessingInitializeOnLoad (93ms)
				ProcessInitializeOnLoadAttributes (212ms)
				ProcessInitializeOnLoadMethodAttributes (31ms)
				AfterProcessingInitializeOnLoad (7ms)
				EditorAssembliesLoaded (0ms)
			ExecutionOrderSort2 (0ms)
			AwakeInstancesAfterBackupRestoration (7ms)
Platform modules already initialized, skipping
Refreshing native plugins compatible for Editor in 0.72 ms, found 2 plugins.
Preloading 0 native plugins for Editor in 0.00 ms.
Unloading 2134 Unused Serialized files (Serialized files now loaded: 0)
System memory in use before: 86.4 MB.
System memory in use after: 86.6 MB.

Unloading 53 unused Assets to reduce memory usage. Loaded Objects now: 2556.
Total: 5.854900 ms (FindLiveObjects: 0.292900 ms CreateObjectMapping: 0.052700 ms MarkObjects: 5.473800 ms  DeleteObjects: 0.034000 ms)

AssetImportParameters requested are different than current active one (requested -> active):
  custom:framework-win-MediaFoundation: 216162199b28c13a410421893ffa2e32 -> 
  custom:video-decoder-ogg-theora: a1e56fd34408186e4bbccfd4996cb3dc -> 
  custom:container-muxer-webm: aa71ff27fc2769a1b78a27578f13a17b -> 
  custom:container-demuxer-webm: 4f35f7cbe854078d1ac9338744f61a02 -> 
  custom:container-demuxer-ogg: 62fdf1f143b41e24485cea50d1cbac27 -> 
  custom:video-encoder-webm-vp8: eb34c28f22e8b96e1ab97ce403110664 -> 
  custom:video-decoder-webm-vp8: 9c59270c3fd7afecdb556c50c9e8de78 -> 
  custom:audio-decoder-ogg-vorbis: bf7c407c2cedff20999df2af8eb42d56 -> 
  custom:audio-encoder-webm-vorbis: bf7c407c2cedff20999df2af8eb42d56 -> 
========================================================================
Received Import Request.
  Time since last request: 71.858185 seconds.
  path: Assets/Demos/Intersections/RayIntersectRay/RayIntersectRay.unity
  artifactKey: Guid(c98a3f8784ff1b3449f64873cb13dc10) Importer(815301076,1909f56bfc062723c751e8b465ee728b)
Start importing Assets/Demos/Intersections/RayIntersectRay/RayIntersectRay.unity using Guid(c98a3f8784ff1b3449f64873cb13dc10) Importer(815301076,1909f56bfc062723c751e8b465ee728b)  -> (artifact id: '8fe8cf0f9196263cfe83a693f9fa584a') in 0.015521 seconds 
  Import took 0.018549 seconds .

AssetImportWorkerClient::OnTransportError - code=2 error=End of file
